
ROM used:   343/8192 (4%)
            343/8192 (4%) including unused fragments

            0.3 Average locations per line
            3.5 Average locations per statement

RAM used:   25/368 (7%) at main() level
            31/368 (8%) worst case

Stack used: 2 worst case (0 in main + 2 for interrupts)
Stack size: 8

Lines Stmts  %   Files
----- ----- ---  -----
  180    97 100  main.c
    7     0   0  main.h
  708     0   0  ..\..\..\..\..\..\..\..\Program Files\PICC\Devices\16F877A.h
  149     0   0  DEF_16F877A.h
----- -----
 1044    97 Total

Page ROM  %  RAM    Vol Diff  Functions:
---- --- --- ---    --- ----  ----------
0     20   6    1             @delay_ms1
0     16   5    0    228  1.8  init_pin
0     52  15    2    255  4.1  _int_ext
0     53  15    1    538  4.3  _int_timer0
0     57  17    0    202  3.6  MAIN
0      9   3    0     54  1.2  init_int_ext
0     14   4    0     84  1.7  init_int_timer0
0     22   6    1    285  3.2  status_on_off
0     25   7    2     91  3.0  display_on_seg7led
0     21   6    3     91  3.0  @DIV88
 Inline         0             @cinit1

Program metrics:
    Functions               9
    Statements              97
    Comments                181
    Volume (V)              2944
    Difficulty (D)          25.7
    Effort to implement (E) 75662
    Time to implement (T)   1 hours, 10 minutes
    Est Delivered Bugs (B)  1
    Cyclomatic Complexity   14
    Maintainability (MI)    133

 Segment     Used  Free
-----------  ----  ----
00000-00003     4  0  
00004-00035    50  0  
00036-007FF   289  1705  
00800-00FFF     0  2048  
01000-017FF     0  2048  
01800-01FFF     0  2048  



